02.18.2025 06:19:50 | User Error | title is missing C:\Users\loren\webDevelopment\phpExcercises\mvc-xml-crud\app\controllers\Admin.php
02.18.2025 06:20:20 | User Error | title is missing C:\Users\loren\webDevelopment\phpExcercises\mvc-xml-crud\app\controllers\Admin.php
02.18.2025 06:20:52 | User Error | title is missing C:\Users\loren\webDevelopment\phpExcercises\mvc-xml-crud\app\controllers\Admin.php
02.18.2025 06:21:50 | User Error | title is missing C:\Users\loren\webDevelopment\phpExcercises\mvc-xml-crud\app\controllers\Admin.php
02.18.2025 06:22:15 | User Error | title is missing C:\Users\loren\webDevelopment\phpExcercises\mvc-xml-crud\app\controllers\Admin.php
02.18.2025 06:22:30 | User Error | title is missing C:\Users\loren\webDevelopment\phpExcercises\mvc-xml-crud\app\controllers\Admin.php
02.18.2025 06:22:37 | User Error | title is missing C:\Users\loren\webDevelopment\phpExcercises\mvc-xml-crud\app\controllers\Admin.php
02.18.2025 06:22:50 | User Error | title is missing C:\Users\loren\webDevelopment\phpExcercises\mvc-xml-crud\app\controllers\Admin.php
02.18.2025 06:23:28 | User Error | title is missing C:\Users\loren\webDevelopment\phpExcercises\mvc-xml-crud\app\controllers\Admin.php
02.18.2025 07:06:27 | User Error | Failed loading XML:  C:\Users\loren\webDevelopment\phpExcercises\mvc-xml-crud\app\models\task_data_xml.model.php
02.18.2025 07:09:10 | User Error | Failed loading XML:  C:\Users\loren\webDevelopment\phpExcercises\mvc-xml-crud\app\models\task_data_xml.model.php
02.18.2025 07:10:05 | User Error | Failed loading XML:  C:\Users\loren\webDevelopment\phpExcercises\mvc-xml-crud\app\models\task_data_xml.model.php
02.18.2025 07:10:18 | User Error | Failed loading XML:  C:\Users\loren\webDevelopment\phpExcercises\mvc-xml-crud\app\models\task_data_xml.model.php
02.18.2025 07:10:19 | User Error | Failed loading XML:  C:\Users\loren\webDevelopment\phpExcercises\mvc-xml-crud\app\models\task_data_xml.model.php
02.18.2025 07:12:39 | User Error | Failed loading XML:  C:\Users\loren\webDevelopment\phpExcercises\mvc-xml-crud\app\models\task_data_xml.model.php
02.18.2025 07:16:48 | User Error | Invalid CRUD operation type: create C:\Users\loren\webDevelopment\phpExcercises\mvc-xml-crud\app\models\task_data_xml.model.php
02.18.2025 07:18:35 | User Error | Invalid CRUD operation type: create C:\Users\loren\webDevelopment\phpExcercises\mvc-xml-crud\app\models\task_data_xml.model.php
02.18.2025 07:19:28 | User Error | Invalid CRUD operation type: create C:\Users\loren\webDevelopment\phpExcercises\mvc-xml-crud\app\models\task_data_xml.model.php
02.18.2025 07:20:21 | User Error | Invalid CRUD operation type: create C:\Users\loren\webDevelopment\phpExcercises\mvc-xml-crud\app\models\task_data_xml.model.php
02.18.2025 07:22:31 | User Error | Invalid CRUD operation type: create C:\Users\loren\webDevelopment\phpExcercises\mvc-xml-crud\app\models\task_data_xml.model.php
02.18.2025 07:23:26 | User Error | Invalid CRUD operation type: create C:\Users\loren\webDevelopment\phpExcercises\mvc-xml-crud\app\models\task_data_xml.model.php
02.18.2025 07:28:59 | User Error | Backup file 021825//..//storage//xml//tasks.xml could not be created C:\Users\loren\webDevelopment\phpExcercises\mvc-xml-crud\app\models\task_data_xml.model.php
02.18.2025 07:29:57 | User Error | Backup file 021825//..//storage//xml//tasks.xml could not be created C:\Users\loren\webDevelopment\phpExcercises\mvc-xml-crud\app\models\task_data_xml.model.php
02.18.2025 07:31:25 | User Error | Backup file 021825//..//storage//xml//tasks.xml could not be created C:\Users\loren\webDevelopment\phpExcercises\mvc-xml-crud\app\models\task_data_xml.model.php
02.18.2025 07:32:17 | User Error | Backup file 021825//..//storage//xml//tasks.xml could not be created C:\Users\loren\webDevelopment\phpExcercises\mvc-xml-crud\app\models\task_data_xml.model.php
02.18.2025 07:32:59 | User Error | Backup file 021825//..//storage//xml//tasks.xml could not be created C:\Users\loren\webDevelopment\phpExcercises\mvc-xml-crud\app\models\task_data_xml.model.php
02.18.2025 07:35:07 | User Error | Backup file 021825//..//storage//xml//tasks.xml could not be created C:\Users\loren\webDevelopment\phpExcercises\mvc-xml-crud\app\models\task_data_xml.model.php
02.18.2025 07:40:46 | User Error | Can't create a new file C:\Users\loren\webDevelopment\phpExcercises\mvc-xml-crud\app\models\task_data_xml.model.php
