02.21.2025 06:06:23 | User Error | Failed loading XML: Opening and ending tag mismatch: task line 22 and tasks
 Premature end of data in tag tasks line 1
  C:\Users\loren\webDevelopment\phpExcercises\mvc-xml-crud\app\models\task_data_xml.model.php
02.21.2025 06:06:24 | User Error | Failed loading XML: Opening and ending tag mismatch: task line 22 and tasks
 Premature end of data in tag tasks line 1
  C:\Users\loren\webDevelopment\phpExcercises\mvc-xml-crud\app\models\task_data_xml.model.php
02.21.2025 06:06:26 | User Error | Failed loading XML: Opening and ending tag mismatch: task line 22 and tasks
 Premature end of data in tag tasks line 1
  C:\Users\loren\webDevelopment\phpExcercises\mvc-xml-crud\app\models\task_data_xml.model.php
02.21.2025 06:06:27 | User Error | Failed loading XML: Opening and ending tag mismatch: task line 22 and tasks
 Premature end of data in tag tasks line 1
  C:\Users\loren\webDevelopment\phpExcercises\mvc-xml-crud\app\models\task_data_xml.model.php
02.21.2025 06:06:27 | User Error | Failed loading XML: Opening and ending tag mismatch: task line 22 and tasks
 Premature end of data in tag tasks line 1
  C:\Users\loren\webDevelopment\phpExcercises\mvc-xml-crud\app\models\task_data_xml.model.php
02.21.2025 06:06:27 | User Error | Failed loading XML: Opening and ending tag mismatch: task line 22 and tasks
 Premature end of data in tag tasks line 1
  C:\Users\loren\webDevelopment\phpExcercises\mvc-xml-crud\app\models\task_data_xml.model.php
02.21.2025 06:13:26 | User Error | string to array conversion failed in task_dat_xml.model.php C:\Users\loren\webDevelopment\phpExcercises\mvc-xml-crud\app\core\Model.php
02.21.2025 06:14:58 | User Error | string to array conversion failed in task_dat_xml.model.php C:\Users\loren\webDevelopment\phpExcercises\mvc-xml-crud\app\core\Model.php
02.21.2025 06:16:17 | User Error | deleteRecord is not working properly C:\Users\loren\webDevelopment\phpExcercises\mvc-xml-crud\app\models\task_data_xml.model.php
02.21.2025 06:16:27 | User Error | string to array conversion failed in task_dat_xml.model.php C:\Users\loren\webDevelopment\phpExcercises\mvc-xml-crud\app\core\Model.php
02.21.2025 06:16:27 | User Error | string to array conversion failed in task_dat_xml.model.php C:\Users\loren\webDevelopment\phpExcercises\mvc-xml-crud\app\core\Model.php
02.21.2025 06:22:25 | User Error | Failed loading XML: Opening and ending tag mismatch: tasktitle line 17 and title
 Opening and ending tag mismatch: taskdescription line 18 and description
 Opening and ending tag mismatch: taskduedate line 19 and duedate
 Opening and ending tag mismatch: taskpriority line 20 and priority
  C:\Users\loren\webDevelopment\phpExcercises\mvc-xml-crud\app\models\task_data_xml.model.php
02.21.2025 06:22:28 | User Error | Failed loading XML: Opening and ending tag mismatch: tasktitle line 17 and title
 Opening and ending tag mismatch: taskdescription line 18 and description
 Opening and ending tag mismatch: taskduedate line 19 and duedate
 Opening and ending tag mismatch: taskpriority line 20 and priority
  C:\Users\loren\webDevelopment\phpExcercises\mvc-xml-crud\app\models\task_data_xml.model.php
02.21.2025 06:23:27 | User Error | string to array conversion failed in task_dat_xml.model.php C:\Users\loren\webDevelopment\phpExcercises\mvc-xml-crud\app\core\Model.php
