CLIENT -> SERVER: EHLO mvc-dog-application
CLIENT -> SERVER: STARTTLS
CLIENT -> SERVER: EHLO mvc-dog-application
CLIENT -> SERVER: AUTH LOGIN
CLIENT -> SERVER: [credentials hidden]CLIENT -> SERVER: [credentials hidden]CLIENT -> SERVER: MAIL FROM:<lorenzoviganego@lorenzo-viganego.com>
CLIENT -> SERVER: RCPT TO:<lorenzo.viganego@libero.it>
CLIENT -> SERVER: DATA
CLIENT -> SERVER: Date: Sat, 15 Feb 2025 20:13:25 +0000
CLIENT -> SERVER: To: lorenzo.viganego@libero.it
CLIENT -> SERVER: From: LorenzoVwebdev <lorenzoviganego@lorenzo-viganego.com>
CLIENT -> SERVER: Subject: MVC mailer form portfolio project
CLIENT -> SERVER: Message-ID: <iVyLlFQTSclKJdg2PcNk9rc9cGHW841OtOAxqJAIfyA@mvc-dog-application>
CLIENT -> SERVER: X-Mailer: PHPMailer 6.9.3 (https://github.com/PHPMailer/PHPMailer)
CLIENT -> SERVER: MIME-Version: 1.0
CLIENT -> SERVER: Content-Type: text/html; charset=iso-8859-1
CLIENT -> SERVER: 
CLIENT -> SERVER: admin Lorenzo Viganego
CLIENT -> SERVER: exception table 2025-02-15<table class='exception-table-container' style='
CLIENT -> SERVER:         width: 100%;
CLIENT -> SERVER:         border-collapse: collapse;
CLIENT -> SERVER:         border: 1px solid #ddd;
CLIENT -> SERVER:         font-family: Arial, sans-serif;
CLIENT -> SERVER:         text-align: left;
CLIENT -> SERVER:     ><tr style='background-color: #f2f2f2;'><th style='
CLIENT -> SERVER:                     background-color: #90EE90;
CLIENT -> SERVER:                     border: 1px solid #ddd;
CLIENT -> SERVER:                     padding: 10px;
CLIENT -> SERVER:                     font-weight: bold;
CLIENT -> SERVER:                 '>Date</th><th style='
CLIENT -> SERVER:                     background-color: #90EE90;
CLIENT -> SERVER:                     border: 1px solid #ddd;
CLIENT -> SERVER:                     padding: 10px;
CLIENT -> SERVER:                     font-weight: bold;
CLIENT -> SERVER:                 '>Type</th><th style='
CLIENT -> SERVER:                     background-color: #90EE90;
CLIENT -> SERVER:                     border: 1px solid #ddd;
CLIENT -> SERVER:                     padding: 10px;
CLIENT -> SERVER:                     font-weight: bold;
CLIENT -> SERVER:                 '>Message</th></tr><tr><td style='
CLIENT -> SERVER:                     border: 1px solid #ddd;
CLIENT -> SERVER:                     padding: 8px;
CLIENT -> SERVER:                 '>02.15.2025 07:27:40</td><td style='
CLIENT -> SERVER:                     border: 1px solid #ddd;
CLIENT -> SERVER:                     padding: 8px;
CLIENT -> SERVER:                 '>User Error</td><td style='
CLIENT -> SERVER:                     border: 1px solid #ddd;
CLIENT -> SERVER:                     padding: 8px;
CLIENT -> SERVER:                 '>fdsaefdsaef
CLIENT -> SERVER: </td></tr><tr><td style='
CLIENT -> SERVER:                     border: 1px solid #ddd;
CLIENT -> SERVER:                     padding: 8px;
CLIENT -> SERVER:                 '>02.15.2025 07:27:53</td><td style='
CLIENT -> SERVER:                     border: 1px solid #ddd;
CLIENT -> SERVER:                     padding: 8px;
CLIENT -> SERVER:                 '>User Error</td><td style='
CLIENT -> SERVER:                     border: 1px solid #ddd;
CLIENT -> SERVER:                     padding: 8px;
CLIENT -> SERVER:                 '>fdsaefdsaeffdsaefdsa
CLIENT -> SERVER: </td></tr><tr><td style='
CLIENT -> SERVER:                     border: 1px solid #ddd;
CLIENT -> SERVER:                     padding: 8px;
CLIENT -> SERVER:                 '>02.15.2025 07:27:57</td><td style='
CLIENT -> SERVER:                     border: 1px solid #ddd;
CLIENT -> SERVER:                     padding: 8px;
CLIENT -> SERVER:                 '>User Error</td><td style='
CLIENT -> SERVER:                     border: 1px solid #ddd;
CLIENT -> SERVER:                     padding: 8px;
CLIENT -> SERVER:                 '>fdsaefdsaeffdsaefdsa
CLIENT -> SERVER: </td></tr><tr><td style='
CLIENT -> SERVER:                     border: 1px solid #ddd;
CLIENT -> SERVER:                     padding: 8px;
CLIENT -> SERVER:                 '>02.15.2025 07:29:02</td><td style='
CLIENT -> SERVER:                     border: 1px solid #ddd;
CLIENT -> SERVER:                     padding: 8px;
CLIENT -> SERVER:                 '>User Error</td><td style='
CLIENT -> SERVER:                     border: 1px solid #ddd;
CLIENT -> SERVER:                     padding: 8px;
CLIENT -> SERVER:                 '>fdsaef
CLIENT -> SERVER: </td></tr><tr><td style='
CLIENT -> SERVER:                     border: 1px solid #ddd;
CLIENT -> SERVER:                     padding: 8px;
CLIENT -> SERVER:                 '>02.15.2025 07:31:02</td><td style='
CLIENT -> SERVER:                     border: 1px solid #ddd;
CLIENT -> SERVER:                     padding: 8px;
CLIENT -> SERVER:                 '>User Error</td><td style='
CLIENT -> SERVER:                     border: 1px solid #ddd;
CLIENT -> SERVER:                     padding: 8px;
CLIENT -> SERVER:                 '>fdsaef
CLIENT -> SERVER: </td></tr><tr><td style='
CLIENT -> SERVER:                     border: 1px solid #ddd;
CLIENT -> SERVER:                     padding: 8px;
CLIENT -> SERVER:                 '>02.15.2025 07:31:42</td><td style='
CLIENT -> SERVER:                     border: 1px solid #ddd;
CLIENT -> SERVER:                     padding: 8px;
CLIENT -> SERVER:                 '>User Error</td><td style='
CLIENT -> SERVER:                     border: 1px solid #ddd;
CLIENT -> SERVER:                     padding: 8px;
CLIENT -> SERVER:                 '>fdsaef
CLIENT -> SERVER: </td></tr><tr><td style='
CLIENT -> SERVER:                     border: 1px solid #ddd;
CLIENT -> SERVER:                     padding: 8px;
CLIENT -> SERVER:                 '>02.15.2025 07:31:47</td><td style='
CLIENT -> SERVER:                     border: 1px solid #ddd;
CLIENT -> SERVER:                     padding: 8px;
CLIENT -> SERVER:                 '>User Error</td><td style='
CLIENT -> SERVER:                     border: 1px solid #ddd;
CLIENT -> SERVER:                     padding: 8px;
CLIENT -> SERVER:                 '>fdsaef
CLIENT -> SERVER: </td></tr><tr><td style='
CLIENT -> SERVER:                     border: 1px solid #ddd;
CLIENT -> SERVER:                     padding: 8px;
CLIENT -> SERVER:                 '>02.15.2025 07:49:36</td><td style='
CLIENT -> SERVER:                     border: 1px solid #ddd;
CLIENT -> SERVER:                     padding: 8px;
CLIENT -> SERVER:                 '>User Error</td><td style='
CLIENT -> SERVER:                     border: 1px solid #ddd;
CLIENT -> SERVER:                     padding: 8px;
CLIENT -> SERVER:                 '>fdsaefdsaef
CLIENT -> SERVER: </td></tr><tr><td style='
CLIENT -> SERVER:                     border: 1px solid #ddd;
CLIENT -> SERVER:                     padding: 8px;
CLIENT -> SERVER:                 '>02.15.2025 07:54:01</td><td style='
CLIENT -> SERVER:                     border: 1px solid #ddd;
CLIENT -> SERVER:                     padding: 8px;
CLIENT -> SERVER:                 '>User Error</td><td style='
CLIENT -> SERVER:                     border: 1px solid #ddd;
CLIENT -> SERVER:                     padding: 8px;
CLIENT -> SERVER:                 '>email sent yet
CLIENT -> SERVER: </td></tr><tr><td style='
CLIENT -> SERVER:                     border: 1px solid #ddd;
CLIENT -> SERVER:                     padding: 8px;
CLIENT -> SERVER:                 '>02.15.2025 07:55:40</td><td style='
CLIENT -> SERVER:                     border: 1px solid #ddd;
CLIENT -> SERVER:                     padding: 8px;
CLIENT -> SERVER:                 '>User Error</td><td style='
CLIENT -> SERVER:                     border: 1px solid #ddd;
CLIENT -> SERVER:                     padding: 8px;
CLIENT -> SERVER:                 '>email sent yet
CLIENT -> SERVER: </td></tr></table>
CLIENT -> SERVER: 
CLIENT -> SERVER: .
CLIENT -> SERVER: QUIT
